C:\Users\maravena\Documents\Proyectos ACL\LineasComerciales\Fuentes\BCI Lineas Comerciales FrontEnd\FrontEnd\wwwroot\clientapp\out-tsc\app\app.component.js
C:\Users\maravena\Documents\Proyectos ACL\LineasComerciales\Fuentes\BCI Lineas Comerciales FrontEnd\FrontEnd\wwwroot\clientapp\out-tsc\app\app.component.js.map
C:\Users\maravena\Documents\Proyectos ACL\LineasComerciales\Fuentes\BCI Lineas Comerciales FrontEnd\FrontEnd\wwwroot\clientapp\out-tsc\app\nav-menu\nav-menu.component.js
C:\Users\maravena\Documents\Proyectos ACL\LineasComerciales\Fuentes\BCI Lineas Comerciales FrontEnd\FrontEnd\wwwroot\clientapp\out-tsc\app\nav-menu\nav-menu.component.js.map
C:\Users\maravena\Documents\Proyectos ACL\LineasComerciales\Fuentes\BCI Lineas Comerciales FrontEnd\FrontEnd\wwwroot\clientapp\out-tsc\environments\environment.js
C:\Users\maravena\Documents\Proyectos ACL\LineasComerciales\Fuentes\BCI Lineas Comerciales FrontEnd\FrontEnd\wwwroot\clientapp\out-tsc\environments\environment.js.map
C:\Users\maravena\Documents\Proyectos ACL\LineasComerciales\Fuentes\BCI Lineas Comerciales FrontEnd\FrontEnd\wwwroot\clientapp\out-tsc\app\home\home.component.js
C:\Users\maravena\Documents\Proyectos ACL\LineasComerciales\Fuentes\BCI Lineas Comerciales FrontEnd\FrontEnd\wwwroot\clientapp\out-tsc\app\home\home.component.js.map
C:\Users\maravena\Documents\Proyectos ACL\LineasComerciales\Fuentes\BCI Lineas Comerciales FrontEnd\FrontEnd\wwwroot\clientapp\out-tsc\app\counter\counter.component.js
C:\Users\maravena\Documents\Proyectos ACL\LineasComerciales\Fuentes\BCI Lineas Comerciales FrontEnd\FrontEnd\wwwroot\clientapp\out-tsc\app\counter\counter.component.js.map
C:\Users\maravena\Documents\Proyectos ACL\LineasComerciales\Fuentes\BCI Lineas Comerciales FrontEnd\FrontEnd\wwwroot\clientapp\out-tsc\app\fetch-data\fetch-data.component.js
C:\Users\maravena\Documents\Proyectos ACL\LineasComerciales\Fuentes\BCI Lineas Comerciales FrontEnd\FrontEnd\wwwroot\clientapp\out-tsc\app\fetch-data\fetch-data.component.js.map
C:\Users\maravena\Documents\Proyectos ACL\LineasComerciales\Fuentes\BCI Lineas Comerciales FrontEnd\FrontEnd\wwwroot\clientapp\out-tsc\app\header\header.component.js
C:\Users\maravena\Documents\Proyectos ACL\LineasComerciales\Fuentes\BCI Lineas Comerciales FrontEnd\FrontEnd\wwwroot\clientapp\out-tsc\app\header\header.component.js.map
C:\Users\maravena\Documents\Proyectos ACL\LineasComerciales\Fuentes\BCI Lineas Comerciales FrontEnd\FrontEnd\wwwroot\clientapp\out-tsc\app\cotizaciones\cotizacion.component.js
C:\Users\maravena\Documents\Proyectos ACL\LineasComerciales\Fuentes\BCI Lineas Comerciales FrontEnd\FrontEnd\wwwroot\clientapp\out-tsc\app\cotizaciones\cotizacion.component.js.map
C:\Users\maravena\Documents\Proyectos ACL\LineasComerciales\Fuentes\BCI Lineas Comerciales FrontEnd\FrontEnd\wwwroot\clientapp\out-tsc\app\cotizaciones\cotizacion.model.js
C:\Users\maravena\Documents\Proyectos ACL\LineasComerciales\Fuentes\BCI Lineas Comerciales FrontEnd\FrontEnd\wwwroot\clientapp\out-tsc\app\cotizaciones\cotizacion.model.js.map
C:\Users\maravena\Documents\Proyectos ACL\LineasComerciales\Fuentes\BCI Lineas Comerciales FrontEnd\FrontEnd\wwwroot\clientapp\out-tsc\app\shared\models\bandeja.module.js
C:\Users\maravena\Documents\Proyectos ACL\LineasComerciales\Fuentes\BCI Lineas Comerciales FrontEnd\FrontEnd\wwwroot\clientapp\out-tsc\app\shared\models\bandeja.module.js.map
C:\Users\maravena\Documents\Proyectos ACL\LineasComerciales\Fuentes\BCI Lineas Comerciales FrontEnd\FrontEnd\wwwroot\clientapp\out-tsc\app\cotizaciones\cotizacion.service.js
C:\Users\maravena\Documents\Proyectos ACL\LineasComerciales\Fuentes\BCI Lineas Comerciales FrontEnd\FrontEnd\wwwroot\clientapp\out-tsc\app\cotizaciones\cotizacion.service.js.map
C:\Users\maravena\Documents\Proyectos ACL\LineasComerciales\Fuentes\BCI Lineas Comerciales FrontEnd\FrontEnd\wwwroot\clientapp\out-tsc\app\cotizaciones\cotizacion-detalle\cotizacion-detalle.component.js
C:\Users\maravena\Documents\Proyectos ACL\LineasComerciales\Fuentes\BCI Lineas Comerciales FrontEnd\FrontEnd\wwwroot\clientapp\out-tsc\app\cotizaciones\cotizacion-detalle\cotizacion-detalle.component.js.map
C:\Users\maravena\Documents\Proyectos ACL\LineasComerciales\Fuentes\BCI Lineas Comerciales FrontEnd\FrontEnd\wwwroot\clientapp\out-tsc\app\shared\dropdown.directive.js
C:\Users\maravena\Documents\Proyectos ACL\LineasComerciales\Fuentes\BCI Lineas Comerciales FrontEnd\FrontEnd\wwwroot\clientapp\out-tsc\app\shared\dropdown.directive.js.map
C:\Users\maravena\Documents\Proyectos ACL\LineasComerciales\Fuentes\BCI Lineas Comerciales FrontEnd\FrontEnd\wwwroot\clientapp\out-tsc\app\app-routing.module.js
C:\Users\maravena\Documents\Proyectos ACL\LineasComerciales\Fuentes\BCI Lineas Comerciales FrontEnd\FrontEnd\wwwroot\clientapp\out-tsc\app\app-routing.module.js.map
C:\Users\maravena\Documents\Proyectos ACL\LineasComerciales\Fuentes\BCI Lineas Comerciales FrontEnd\FrontEnd\wwwroot\clientapp\out-tsc\app\cotizaciones\cotizacion-filtro\cotizacion-filtro.component.js
C:\Users\maravena\Documents\Proyectos ACL\LineasComerciales\Fuentes\BCI Lineas Comerciales FrontEnd\FrontEnd\wwwroot\clientapp\out-tsc\app\cotizaciones\cotizacion-filtro\cotizacion-filtro.component.js.map
C:\Users\maravena\Documents\Proyectos ACL\LineasComerciales\Fuentes\BCI Lineas Comerciales FrontEnd\FrontEnd\wwwroot\clientapp\out-tsc\app\app.module.js
C:\Users\maravena\Documents\Proyectos ACL\LineasComerciales\Fuentes\BCI Lineas Comerciales FrontEnd\FrontEnd\wwwroot\clientapp\out-tsc\app\app.module.js.map
C:\Users\maravena\Documents\Proyectos ACL\LineasComerciales\Fuentes\BCI Lineas Comerciales FrontEnd\FrontEnd\wwwroot\clientapp\out-tsc\main.js
C:\Users\maravena\Documents\Proyectos ACL\LineasComerciales\Fuentes\BCI Lineas Comerciales FrontEnd\FrontEnd\wwwroot\clientapp\out-tsc\main.js.map
C:\Users\maravena\Documents\Proyectos ACL\LineasComerciales\Fuentes\BCI Lineas Comerciales FrontEnd\FrontEnd\wwwroot\clientapp\out-tsc\polyfills.js
C:\Users\maravena\Documents\Proyectos ACL\LineasComerciales\Fuentes\BCI Lineas Comerciales FrontEnd\FrontEnd\wwwroot\clientapp\out-tsc\polyfills.js.map
C:\Users\maravena\Documents\Proyectos ACL\LineasComerciales\Fuentes\BCI Lineas Comerciales FrontEnd\FrontEnd\wwwroot\clientapp\out-tsc\test.js
C:\Users\maravena\Documents\Proyectos ACL\LineasComerciales\Fuentes\BCI Lineas Comerciales FrontEnd\FrontEnd\wwwroot\clientapp\out-tsc\test.js.map
C:\Users\maravena\Documents\Proyectos ACL\LineasComerciales\Fuentes\BCI Lineas Comerciales FrontEnd\FrontEnd\wwwroot\clientapp\out-tsc\app\app.component.spec.js
C:\Users\maravena\Documents\Proyectos ACL\LineasComerciales\Fuentes\BCI Lineas Comerciales FrontEnd\FrontEnd\wwwroot\clientapp\out-tsc\app\app.component.spec.js.map
C:\Users\maravena\Documents\Proyectos ACL\LineasComerciales\Fuentes\BCI Lineas Comerciales FrontEnd\FrontEnd\wwwroot\clientapp\out-tsc\environments\environment.prod.js
C:\Users\maravena\Documents\Proyectos ACL\LineasComerciales\Fuentes\BCI Lineas Comerciales FrontEnd\FrontEnd\wwwroot\clientapp\out-tsc\environments\environment.prod.js.map
C:\Users\maravena\Documents\Proyectos ACL\LineasComerciales\Fuentes\BCI Lineas Comerciales FrontEnd\FrontEnd\wwwroot\clientapp\out-tsc\app\bandejaEntrada\bandejaEntrada.component.js
C:\Users\maravena\Documents\Proyectos ACL\LineasComerciales\Fuentes\BCI Lineas Comerciales FrontEnd\FrontEnd\wwwroot\clientapp\out-tsc\app\bandejaEntrada\bandejaEntrada.component.js.map
C:\Users\maravena\Documents\Proyectos ACL\LineasComerciales\Fuentes\BCI Lineas Comerciales FrontEnd\FrontEnd\wwwroot\clientapp\out-tsc\app\bandejaEntrada\bandejaEntrada.component.spec.js
C:\Users\maravena\Documents\Proyectos ACL\LineasComerciales\Fuentes\BCI Lineas Comerciales FrontEnd\FrontEnd\wwwroot\clientapp\out-tsc\app\bandejaEntrada\bandejaEntrada.component.spec.js.map
C:\Users\maravena\Documents\Proyectos ACL\LineasComerciales\Fuentes\BCI Lineas Comerciales FrontEnd\FrontEnd\wwwroot\clientapp\out-tsc\app\counter\counter.component.spec.js
C:\Users\maravena\Documents\Proyectos ACL\LineasComerciales\Fuentes\BCI Lineas Comerciales FrontEnd\FrontEnd\wwwroot\clientapp\out-tsc\app\counter\counter.component.spec.js.map
C:\Users\maravena\Documents\Proyectos ACL\LineasComerciales\Fuentes\BCI Lineas Comerciales FrontEnd\FrontEnd\wwwroot\clientapp\out-tsc\app\services\data.service.js
C:\Users\maravena\Documents\Proyectos ACL\LineasComerciales\Fuentes\BCI Lineas Comerciales FrontEnd\FrontEnd\wwwroot\clientapp\out-tsc\app\services\data.service.js.map
C:\Users\maravena\Documents\Proyectos ACL\LineasComerciales\Fuentes\BCI Lineas Comerciales FrontEnd\FrontEnd\wwwroot\clientapp\out-tsc\app\utilitarios\utilitarios.js
C:\Users\maravena\Documents\Proyectos ACL\LineasComerciales\Fuentes\BCI Lineas Comerciales FrontEnd\FrontEnd\wwwroot\clientapp\out-tsc\app\utilitarios\utilitarios.js.map
C:\Users\maravena\Documents\Proyectos ACL\LineasComerciales\Fuentes\BCI Lineas Comerciales FrontEnd\FrontEnd\wwwroot\clientapp\out-tsc\app\cotizaciones\cotizacion-filtro\cotizacion-filtro.component.spec.js
C:\Users\maravena\Documents\Proyectos ACL\LineasComerciales\Fuentes\BCI Lineas Comerciales FrontEnd\FrontEnd\wwwroot\clientapp\out-tsc\app\cotizaciones\cotizacion-filtro\cotizacion-filtro.component.spec.js.map
